This is pdfTeX, Version 3.141592653-2.6-1.40.27 (TeX Live 2025) (preloaded format=pdflatex 2025.10.21)  1 JUL 2026 10:30
entering extended mode
 restricted \write18 enabled.
 file:line:error style messages enabled.
 %&-line parsing enabled.
**e:/Grade2/双模小论文/IEEE_TAES_orig-research/TAES_template.tex
(e:/Grade2/双模小论文/IEEE_TAES_orig-research/TAES_template.tex
LaTeX2e <2024-11-01> patch level 2
L3 programming layer <2025-01-18>
(./IEEEtaes.cls

LaTeX Warning: You have requested document class `IEEEtaes',
               but the document class provides `IEEEphot'.

Document Class: IEEEphot 2009/06/23 V1.2
-- See the "IEEEphot_HOWTO" manual for usage information.
\@IEEEtrantmpdimenA=\dimen141
\@IEEEtrantmpdimenB=\dimen142
\@IEEEtrantmpcountA=\count196
\@IEEEtrantmpcountB=\count197
\@IEEEtrantmptoksA=\toks17
LaTeX Font Info:    Trying to load font information for OT1+ptm on input line 384.
(d:/texlive/2025/texmf-dist/tex/latex/psnfss/ot1ptm.fd
File: ot1ptm.fd 2001/06/04 font definitions for OT1/ptm.
)
-- Using 8.25in x 10.75in (IEEE Photonics PaperSize) paper.
-- Using PDF output.
\@IEEEnormalsizeunitybaselineskip=\dimen143
-- This is a 10 point document.
\CLASSINFOnormalsizebaselineskip=\dimen144
\CLASSINFOnormalsizeunitybaselineskip=\dimen145
\IEEEnormaljot=\dimen146
LaTeX Font Info:    Font shape `OT1/ptm/bx/n' in size <5> not available
(Font)              Font shape `OT1/ptm/b/n' tried instead on input line 742.
LaTeX Font Info:    Font shape `OT1/ptm/bx/it' in size <5> not available
(Font)              Font shape `OT1/ptm/b/it' tried instead on input line 742.
LaTeX Font Info:    Font shape `OT1/ptm/bx/n' in size <7> not available
(Font)              Font shape `OT1/ptm/b/n' tried instead on input line 742.
LaTeX Font Info:    Font shape `OT1/ptm/bx/it' in size <7> not available
(Font)              Font shape `OT1/ptm/b/it' tried instead on input line 742.
LaTeX Font Info:    Font shape `OT1/ptm/bx/n' in size <8.25> not available
(Font)              Font shape `OT1/ptm/b/n' tried instead on input line 742.
LaTeX Font Info:    Font shape `OT1/ptm/bx/it' in size <8.25> not available
(Font)              Font shape `OT1/ptm/b/it' tried instead on input line 742.
LaTeX Font Info:    Font shape `OT1/ptm/bx/n' in size <8> not available
(Font)              Font shape `OT1/ptm/b/n' tried instead on input line 742.
LaTeX Font Info:    Font shape `OT1/ptm/bx/it' in size <8> not available
(Font)              Font shape `OT1/ptm/b/it' tried instead on input line 742.
LaTeX Font Info:    Font shape `OT1/ptm/bx/n' in size <10.28844> not available
(Font)              Font shape `OT1/ptm/b/n' tried instead on input line 742.
LaTeX Font Info:    Font shape `OT1/ptm/bx/it' in size <10.28844> not available
(Font)              Font shape `OT1/ptm/b/it' tried instead on input line 742.
LaTeX Font Info:    Font shape `OT1/ptm/bx/n' in size <10> not available
(Font)              Font shape `OT1/ptm/b/n' tried instead on input line 742.
LaTeX Font Info:    Font shape `OT1/ptm/bx/it' in size <10> not available
(Font)              Font shape `OT1/ptm/b/it' tried instead on input line 742.
LaTeX Font Info:    Font shape `OT1/ptm/bx/n' in size <12> not available
(Font)              Font shape `OT1/ptm/b/n' tried instead on input line 742.
LaTeX Font Info:    Font shape `OT1/ptm/bx/it' in size <12> not available
(Font)              Font shape `OT1/ptm/b/it' tried instead on input line 742.
LaTeX Font Info:    Font shape `OT1/ptm/bx/n' in size <17> not available
(Font)              Font shape `OT1/ptm/b/n' tried instead on input line 742.
LaTeX Font Info:    Font shape `OT1/ptm/bx/it' in size <17> not available
(Font)              Font shape `OT1/ptm/b/it' tried instead on input line 742.
LaTeX Font Info:    Font shape `OT1/ptm/bx/n' in size <20> not available
(Font)              Font shape `OT1/ptm/b/n' tried instead on input line 742.
LaTeX Font Info:    Font shape `OT1/ptm/bx/it' in size <20> not available
(Font)              Font shape `OT1/ptm/b/it' tried instead on input line 742.
LaTeX Font Info:    Font shape `OT1/ptm/bx/n' in size <18> not available
(Font)              Font shape `OT1/ptm/b/n' tried instead on input line 742.
LaTeX Font Info:    Font shape `OT1/ptm/bx/it' in size <18> not available
(Font)              Font shape `OT1/ptm/b/it' tried instead on input line 742.
\IEEEilabelindentA=\dimen147
\IEEEilabelindentB=\dimen148
\IEEEilabelindent=\dimen149
\IEEEelabelindent=\dimen150
\IEEEdlabelindent=\dimen151
\IEEElabelindent=\dimen152
\IEEEiednormlabelsep=\dimen153
\IEEEiedmathlabelsep=\dimen154
\IEEEiedtopsep=\skip49
\c@section=\count198
\c@subsection=\count199
\c@subsubsection=\count266
\c@paragraph=\count267
\c@IEEEsubequation=\count268
\abovecaptionskip=\skip50
\belowcaptionskip=\skip51
\c@figure=\count269
\marginfigbox=\box52
\c@table=\count270
\margintabbox=\box53
\@IEEEeqnnumcols=\count271
\@IEEEeqncolcnt=\count272
\@AffLeftSkip=\skip52
(d:/texlive/2025/texmf-dist/tex/latex/graphics/color.sty
Package: color 2024/06/23 v1.3e Standard LaTeX Color (DPC)
 (d:/texlive/2025/texmf-dist/tex/latex/graphics-cfg/color.cfg
File: color.cfg 2016/01/02 v1.6 sample color configuration
)
Package color Info: Driver file: pdftex.def on input line 149.
 (d:/texlive/2025/texmf-dist/tex/latex/graphics-def/pdftex.def
File: pdftex.def 2024/04/13 v1.2c Graphics/color driver for pdftex
) (d:/texlive/2025/texmf-dist/tex/latex/graphics/mathcolor.ltx)) (d:/texlive/2025/texmf-dist/tex/generic/iftex/ifpdf.sty
Package: ifpdf 2019/10/25 v3.4 ifpdf legacy package. Use iftex instead.
 (d:/texlive/2025/texmf-dist/tex/generic/iftex/iftex.sty
Package: iftex 2024/12/12 v1.0g TeX engine tests
))
Package color Info: Redefining color white on input line 3368.
\tempbox=\box54
\abstractbox=\box55
\keybox=\box56
\@IEEEtmpitemindent=\dimen155
\c@IEEEbiography=\count273
\@IEEEtranrubishbin=\box57
\footheight=\dimen156
\typeheight=\dimen157
\typewidth=\dimen158
\authorcount=\count274
\chkaucount=\count275
\tempcount=\count276
 (d:/texlive/2025/texmf-dist/tex/latex/wrapfig/wrapfig.sty
\wrapoverhang=\dimen159
\WF@size=\dimen160
\c@WF@wrappedlines=\count277
\WF@box=\box58
\WF@everypar=\toks18
Package: wrapfig 2003/01/31  v 3.6
) (d:/texlive/2025/texmf-dist/tex/latex/tools/array.sty
Package: array 2024/10/17 v2.6g Tabular extension package (FMi)
\col@sep=\dimen161
\ar@mcellbox=\box59
\extrarowheight=\dimen162
\NC@list=\toks19
\extratabsurround=\skip53
\backup@length=\skip54
\ar@cellbox=\box60
)
\quotebox=\box61
\quoteskp=\skip55
\sdquoteskp=\skip56
\quotecnt=\count278
\@partialpageht=\dimen163
\store@outputbox=\box62
\storedboxheight=\dimen164
 (d:/texlive/2025/texmf-dist/tex/latex/hyperref/hyperref.sty
Package: hyperref 2024-11-05 v7.01l Hypertext links for LaTeX
 (d:/texlive/2025/texmf-dist/tex/latex/graphics/keyval.sty
Package: keyval 2022/05/29 v1.15 key=value parser (DPC)
\KV@toks@=\toks20
) (d:/texlive/2025/texmf-dist/tex/latex/kvsetkeys/kvsetkeys.sty
Package: kvsetkeys 2022-10-05 v1.19 Key value parser (HO)
) (d:/texlive/2025/texmf-dist/tex/generic/kvdefinekeys/kvdefinekeys.sty
Package: kvdefinekeys 2019-12-19 v1.6 Define keys (HO)
) (d:/texlive/2025/texmf-dist/tex/generic/pdfescape/pdfescape.sty
Package: pdfescape 2019/12/09 v1.15 Implements pdfTeX's escape features (HO)
 (d:/texlive/2025/texmf-dist/tex/generic/ltxcmds/ltxcmds.sty
Package: ltxcmds 2023-12-04 v1.26 LaTeX kernel commands for general use (HO)
) (d:/texlive/2025/texmf-dist/tex/generic/pdftexcmds/pdftexcmds.sty
Package: pdftexcmds 2020-06-27 v0.33 Utility functions of pdfTeX for LuaTeX (HO)
 (d:/texlive/2025/texmf-dist/tex/generic/infwarerr/infwarerr.sty
Package: infwarerr 2019/12/03 v1.5 Providing info/warning/error messages (HO)
)
Package pdftexcmds Info: \pdf@primitive is available.
Package pdftexcmds Info: \pdf@ifprimitive is available.
Package pdftexcmds Info: \pdfdraftmode found.
)) (d:/texlive/2025/texmf-dist/tex/latex/hycolor/hycolor.sty
Package: hycolor 2020-01-27 v1.10 Color options for hyperref/bookmark (HO)
) (d:/texlive/2025/texmf-dist/tex/latex/hyperref/nameref.sty
Package: nameref 2023-11-26 v2.56 Cross-referencing by name of section
 (d:/texlive/2025/texmf-dist/tex/latex/refcount/refcount.sty
Package: refcount 2019/12/15 v3.6 Data extraction from label references (HO)
) (d:/texlive/2025/texmf-dist/tex/generic/gettitlestring/gettitlestring.sty
Package: gettitlestring 2019/12/15 v1.6 Cleanup title references (HO)
 (d:/texlive/2025/texmf-dist/tex/latex/kvoptions/kvoptions.sty
Package: kvoptions 2022-06-15 v3.15 Key value format for package options (HO)
))
\c@section@level=\count279
) (d:/texlive/2025/texmf-dist/tex/latex/etoolbox/etoolbox.sty
Package: etoolbox 2025/02/11 v2.5l e-TeX tools for LaTeX (JAW)
\etb@tempcnta=\count280
) (d:/texlive/2025/texmf-dist/tex/generic/stringenc/stringenc.sty
Package: stringenc 2019/11/29 v1.12 Convert strings between diff. encodings (HO)
)
\@linkdim=\dimen165
\Hy@linkcounter=\count281
\Hy@pagecounter=\count282
 (d:/texlive/2025/texmf-dist/tex/latex/hyperref/pd1enc.def
File: pd1enc.def 2024-11-05 v7.01l Hyperref: PDFDocEncoding definition (HO)
Now handling font encoding PD1 ...
... no UTF-8 mapping file for font encoding PD1
) (d:/texlive/2025/texmf-dist/tex/generic/intcalc/intcalc.sty
Package: intcalc 2019/12/15 v1.3 Expandable calculations with integers (HO)
)
\Hy@SavedSpaceFactor=\count283
 (d:/texlive/2025/texmf-dist/tex/latex/hyperref/puenc.def
File: puenc.def 2024-11-05 v7.01l Hyperref: PDF Unicode definition (HO)
Now handling font encoding PU ...
... no UTF-8 mapping file for font encoding PU
)
Package hyperref Info: Option `colorlinks' set `true' on input line 4040.
Package hyperref Info: Option `breaklinks' set `true' on input line 4040.
Package hyperref Info: Hyper figures OFF on input line 4157.
Package hyperref Info: Link nesting OFF on input line 4162.
Package hyperref Info: Hyper index ON on input line 4165.
Package hyperref Info: Plain pages OFF on input line 4172.
Package hyperref Info: Backreferencing OFF on input line 4177.
Package hyperref Info: Implicit mode ON; LaTeX internals redefined.
Package hyperref Info: Bookmarks ON on input line 4424.
\c@Hy@tempcnt=\count284
 (d:/texlive/2025/texmf-dist/tex/latex/url/url.sty
\Urlmuskip=\muskip17
Package: url 2013/09/16  ver 3.4  Verb mode for urls, etc.
)
LaTeX Info: Redefining \url on input line 4763.
\XeTeXLinkMargin=\dimen166
 (d:/texlive/2025/texmf-dist/tex/generic/bitset/bitset.sty
Package: bitset 2019/12/09 v1.3 Handle bit-vector datatype (HO)
 (d:/texlive/2025/texmf-dist/tex/generic/bigintcalc/bigintcalc.sty
Package: bigintcalc 2019/12/15 v1.5 Expandable calculations on big integers (HO)
))
\Fld@menulength=\count285
\Field@Width=\dimen167
\Fld@charsize=\dimen168
Package hyperref Info: Hyper figures OFF on input line 6042.
Package hyperref Info: Link nesting OFF on input line 6047.
Package hyperref Info: Hyper index ON on input line 6050.
Package hyperref Info: backreferencing OFF on input line 6057.
Package hyperref Info: Link coloring ON on input line 6060.
Package hyperref Info: Link coloring with OCG OFF on input line 6067.
Package hyperref Info: PDF/A mode OFF on input line 6072.
 (d:/texlive/2025/texmf-dist/tex/latex/base/atbegshi-ltx.sty
Package: atbegshi-ltx 2021/01/10 v1.0c Emulation of the original atbegshi
package with kernel methods
)
\Hy@abspage=\count286
\c@Item=\count287
\c@Hfootnote=\count288
)
Package hyperref Info: Driver (autodetected): hpdftex.
 (d:/texlive/2025/texmf-dist/tex/latex/hyperref/hpdftex.def
File: hpdftex.def 2024-11-05 v7.01l Hyperref driver for pdfTeX
 (d:/texlive/2025/texmf-dist/tex/latex/base/atveryend-ltx.sty
Package: atveryend-ltx 2020/08/19 v1.0a Emulation of the original atveryend package
with kernel methods
)
\Fld@listcount=\count289
\c@bookmark@seq@number=\count290
 (d:/texlive/2025/texmf-dist/tex/latex/rerunfilecheck/rerunfilecheck.sty
Package: rerunfilecheck 2022-07-10 v1.10 Rerun checks for auxiliary files (HO)
 (d:/texlive/2025/texmf-dist/tex/generic/uniquecounter/uniquecounter.sty
Package: uniquecounter 2019/12/15 v1.4 Provide unlimited unique counter (HO)
)
Package uniquecounter Info: New unique counter `rerunfilecheck' on input line 285.
)
\Hy@SectionHShift=\skip57
)) (d:/texlive/2025/texmf-dist/tex/latex/amscls/amsthm.sty
Package: amsthm 2020/05/29 v2.20.6
\thm@style=\toks21
\thm@bodyfont=\toks22
\thm@headfont=\toks23
\thm@notefont=\toks24
\thm@headpunct=\toks25
\thm@preskip=\skip58
\thm@postskip=\skip59
\thm@headsep=\skip60
\dth@everypar=\toks26
) (d:/texlive/2025/texmf-dist/tex/latex/graphics/graphicx.sty
Package: graphicx 2021/09/16 v1.2d Enhanced LaTeX Graphics (DPC,SPQR)
 (d:/texlive/2025/texmf-dist/tex/latex/graphics/graphics.sty
Package: graphics 2024/08/06 v1.4g Standard LaTeX Graphics (DPC,SPQR)
 (d:/texlive/2025/texmf-dist/tex/latex/graphics/trig.sty
Package: trig 2023/12/02 v1.11 sin cos tan (DPC)
) (d:/texlive/2025/texmf-dist/tex/latex/graphics-cfg/graphics.cfg
File: graphics.cfg 2016/06/04 v1.11 sample graphics configuration
)
Package graphics Info: Driver file: pdftex.def on input line 106.
)
\Gin@req@height=\dimen169
\Gin@req@width=\dimen170
)
\c@theorem=\count291
\c@lemma=\count292
 (d:/texlive/2025/texmf-dist/tex/latex/l3backend/l3backend-pdftex.def
File: l3backend-pdftex.def 2024-05-08 L3 backend support: PDF output (pdfTeX)
\l__color_backend_stack_int=\count293
\l__pdf_internal_box=\box63
) (./TAES_template.aux)
\openout1 = `TAES_template.aux'.

LaTeX Font Info:    Checking defaults for OML/cmm/m/it on input line 20.
LaTeX Font Info:    ... okay on input line 20.
LaTeX Font Info:    Checking defaults for OMS/cmsy/m/n on input line 20.
LaTeX Font Info:    ... okay on input line 20.
LaTeX Font Info:    Checking defaults for OT1/cmr/m/n on input line 20.
LaTeX Font Info:    ... okay on input line 20.
LaTeX Font Info:    Checking defaults for T1/cmr/m/n on input line 20.
LaTeX Font Info:    ... okay on input line 20.
LaTeX Font Info:    Checking defaults for TS1/cmr/m/n on input line 20.
LaTeX Font Info:    ... okay on input line 20.
LaTeX Font Info:    Checking defaults for OMX/cmex/m/n on input line 20.
LaTeX Font Info:    ... okay on input line 20.
LaTeX Font Info:    Checking defaults for U/cmr/m/n on input line 20.
LaTeX Font Info:    ... okay on input line 20.
LaTeX Font Info:    Checking defaults for PD1/pdf/m/n on input line 20.
LaTeX Font Info:    ... okay on input line 20.
LaTeX Font Info:    Checking defaults for PU/pdf/m/n on input line 20.
LaTeX Font Info:    ... okay on input line 20.
 (d:/texlive/2025/texmf-dist/tex/context/base/mkii/supp-pdf.mkii
[Loading MPS to PDF converter (version 2006.09.02).]
\scratchcounter=\count294
\scratchdimen=\dimen171
\scratchbox=\box64
\nofMPsegments=\count295
\nofMParguments=\count296
\everyMPshowfont=\toks27
\MPscratchCnt=\count297
\MPscratchDim=\dimen172
\MPnumerator=\count298
\makeMPintoPDFobject=\count299
\everyMPtoPDFconversion=\toks28
) (d:/texlive/2025/texmf-dist/tex/latex/epstopdf-pkg/epstopdf-base.sty
Package: epstopdf-base 2020-01-24 v2.11 Base part for package epstopdf
Package epstopdf-base Info: Redefining graphics rule for `.eps' on input line 485.
 (d:/texlive/2025/texmf-dist/tex/latex/latexconfig/epstopdf-sys.cfg
File: epstopdf-sys.cfg 2010/07/13 v1.3 Configuration of (r)epstopdf for TeX Live
))
Package hyperref Info: Link coloring ON on input line 20.
 (./TAES_template.out) (./TAES_template.out)
\@outlinefile=\write3
\openout3 = `TAES_template.out'.

LaTeX Font Info:    Trying to load font information for OT1+phv on input line 57.
 (d:/texlive/2025/texmf-dist/tex/latex/psnfss/ot1phv.fd
File: ot1phv.fd 2020/03/25 scalable font definitions for OT1/phv.
)
LaTeX Font Info:    Calculating math sizes for size <8.25> on input line 57.
LaTeX Font Info:    External font `cmex10' loaded for size
(Font)              <8.25> on input line 57.
LaTeX Font Info:    External font `cmex10' loaded for size
(Font)              <5.77496> on input line 57.
LaTeX Font Info:    External font `cmex10' loaded for size
(Font)              <4.125> on input line 57.
LaTeX Font Info:    Trying to load font information for TS1+ptm on input line 57.
 (d:/texlive/2025/texmf-dist/tex/latex/psnfss/ts1ptm.fd
File: ts1ptm.fd 2001/06/04 font definitions for TS1/ptm.
)


Underfull \hbox (badness 10000) in paragraph at lines 66--67
\OT1/ptm/m/n/10.28844 overleaf-with-ieee-collabratec-your-quick-guide-to-
 []

LaTeX Font Info:    Calculating math sizes for size <10.28844> on input line 74.
LaTeX Font Info:    External font `cmex10' loaded for size
(Font)              <10.28844> on input line 74.
LaTeX Font Info:    External font `cmex10' loaded for size
(Font)              <7.20187> on input line 74.
LaTeX Font Info:    External font `cmex10' loaded for size
(Font)              <5.14421> on input line 74.

Underfull \hbox (badness 3838) in paragraph at lines 70--74
\OT1/ptm/m/n/10.28844 able at [][]https://journals.ieeeauthorcenter.ieee.org/create-
 []


Underfull \hbox (badness 10000) in paragraph at lines 70--74
\OT1/ptm/m/n/10.28844 your-ieee-journal-article/create-the-text-of-your-article/
 []


Underfull \hbox (badness 10000) in paragraph at lines 87--88
\OT1/ptm/m/n/10.28844 https://journals.ieeeauthorcenter.ieee.org/create-your-ieee-
 []


Underfull \hbox (badness 10000) in paragraph at lines 87--88
\OT1/ptm/m/n/10.28844 journal-article/create-the-text-of-your-article/structure-
 []



[1

{d:/texlive/2025/texmf-var/fonts/map/pdftex/updmap/pdftex.map}{d:/texlive/2025/texmf-dist/fonts/enc/dvips/base/8r.enc}]
<fig1.png, id=218, 344.78813pt x 221.32687pt>
File: fig1.png Graphic file (type png)
<use fig1.png>
Package pdftex.def Info: fig1.png  used on input line 102.
(pdftex.def)             Requested size: 222.0pt x 142.5065pt.

Underfull \hbox (badness 7685) in paragraph at lines 112--116
[]\OT1/ptm/m/n/10.28844 Use ei-ther the Mi-crosoft Equa-tion Ed-i-tor or
 []


Underfull \hbox (badness 1515) in paragraph at lines 112--116
\OT1/ptm/m/n/10.28844 the MathType plu-gin, which can be ob-tained from
 []


Underfull \hbox (badness 10000) in paragraph at lines 112--116
[][]\OT1/ptm/m/n/10.28844 https://store.wiris.com/en/products/mathtype/download[][].
 []


Underfull \hbox (badness 1565) in paragraph at lines 112--116
\OT1/ptm/m/n/10.28844 to the \OT1/ptm/m/it/10.28844 IEEE Edit-ing Math Guide \OT1/ptm/m/n/10.28844 at [][]http://journals.
 []


Underfull \hbox (badness 10000) in paragraph at lines 112--116
\OT1/ptm/m/n/10.28844 ieeeauthorcenter.ieee.org/wp-content/uploads/sites/7/
 []


Underfull \hbox (badness 10000) in paragraph at lines 112--116
\OT1/ptm/m/n/10.28844 Editing-Mathematics.pdf[][] and the \OT1/ptm/m/it/10.28844 IEEE MathType
 []


Underfull \hbox (badness 10000) in paragraph at lines 112--116
\OT1/ptm/m/n/10.28844 ieeeauthorcenter . ieee . org / wp-[]content / uploads / sites / 7 /
 []



<figtbl1.png, id=223, 354.57469pt x 108.405pt>
File: figtbl1.png Graphic file (type png)
<use figtbl1.png>
Package pdftex.def Info: figtbl1.png  used on input line 132.
(pdftex.def)             Requested size: 222.0pt x 67.8737pt.


[2 <./fig1.png> <./figtbl1.png>]


Underfull \hbox (badness 2310) in paragraph at lines 182--183
\OT1/ptm/m/n/10.28844 of col-ors that can be rep-re-sented within the said
 []


Underfull \hbox (badness 3895) in paragraph at lines 182--183
\OT1/ptm/m/n/10.28844 medium. For our pur-poses, the three main color
 []


Underfull \hbox (badness 1688) in paragraph at lines 218--223
[]\OT1/ptm/m/n/10.28844 Multipliers can be es-pe-cially con-fus-ing.
 []


Underfull \vbox (badness 1968) has occurred while \output is active []



[3]


Underfull \hbox (badness 2165) in paragraph at lines 261--262
\OT1/ptm/m/n/10.28844 the En-glish ci-ta-tion first, fol-lowed by the orig-i-nal
 []


Underfull \hbox (badness 10000) in paragraph at lines 261--262
\OT1/ptm/m/n/10.28844 https://journals.ieeeauthorcenter.ieee.org/create-your-
 []


Underfull \hbox (badness 10000) in paragraph at lines 261--262
\OT1/ptm/m/n/10.28844 ieee-journal-article/create-the-text-of-your-article/ieee-
 []

LaTeX Font Info:    Trying to load font information for OT1+pcr on input line 266.
(d:/texlive/2025/texmf-dist/tex/latex/psnfss/ot1pcr.fd
File: ot1pcr.fd 2001/06/04 font definitions for OT1/pcr.
)

[4]
Overfull \hbox (0.74954pt too wide) in paragraph at lines 298--298
[]\OT1/pcr/m/n/10.28844 \newblock Infrared navigation---Part I:[] 
 []

LaTeX Font Info:    Trying to load font information for OMS+ptm on input line 302.
(d:/texlive/2025/texmf-dist/tex/latex/psnfss/omsptm.fd
File: omsptm.fd 
)
LaTeX Font Info:    Font shape `OMS/ptm/m/n' in size <10.28844> not available
(Font)              Font shape `OMS/cmsy/m/n' tried instead on input line 302.

Underfull \hbox (badness 2828) in paragraph at lines 308--309
[]\OT1/ptm/m/n/10.28844 Contributions to the Trans-ac-tions, Jour-nals, and
 []


Underfull \hbox (badness 2302) in paragraph at lines 308--309
\OT1/ptm/m/n/10.28844 Let-ters may be sub-mit-ted elec-tron-i-cally on IEEE's
 []


Underfull \hbox (badness 10000) in paragraph at lines 308--309
\OT1/ptm/m/n/10.28844 on-line manuscript sub-mis-sion and peer-review
 []


Underfull \hbox (badness 1755) in paragraph at lines 308--309
\OT1/ptm/m/n/10.28844 sys-tem, Schol-arOne Manuscripts. You can get help
 []


Underfull \hbox (badness 10000) in paragraph at lines 308--309
\OT1/ptm/m/n/10.28844 as well as find their cor-re-spond-ing Schol-arOne
 []


Underfull \hbox (badness 10000) in paragraph at lines 308--309
[][][][]$\OT1/ptm/m/n/10.28844 http : / / www . ieee . org / publications[]standards / publications /
 []




Underfull \hbox (badness 1748) in paragraph at lines 322--323
[]\OT1/ptm/m/n/10.28844 Authors must sub-mit an elec-tronic IEEE Copy-
 []


Underfull \hbox (badness 2573) in paragraph at lines 326--328
[]\OT1/ptm/m/n/10.28844 A full overview of IEEE pub-lish-ing guide-lines
 []


Underfull \hbox (badness 10000) in paragraph at lines 326--328
\OT1/ptm/m/n/10.28844 and poli-cies can be found at [][][][]$https : / / journals .
 []


Underfull \hbox (badness 10000) in paragraph at lines 326--328
\OT1/ptm/m/n/10.28844 ieeeauthorcenter . ieee . org / become-[]an-[]ieee-[]journal-[]author /
 []


Underfull \hbox (badness 10000) in paragraph at lines 326--328
\OT1/ptm/m/n/10.28844 publishing-[]ethics / guidelines-[]and-[]policies/$[][][][]. They are
 []


Underfull \hbox (badness 3826) in paragraph at lines 326--328
\OT1/ptm/m/n/10.28844 de-signed to help au-thors un-der-stand and nav-i-gate
 []



[5]
LaTeX Font Info:    External font `cmex10' loaded for size
(Font)              <8> on input line 359.
LaTeX Font Info:    External font `cmex10' loaded for size
(Font)              <6> on input line 359.
LaTeX Font Info:    External font `cmex10' loaded for size
(Font)              <5> on input line 359.



Underfull \hbox (badness 10000) in paragraph at lines 388--389
[]\OT1/ptm/m/it/8 Linear Net-works and Sys-tems. \OT1/ptm/m/n/8 Bel-mont, CA, USA:
 []



[6]



[7] (./TAES_template.aux)
 ***********
LaTeX2e <2024-11-01> patch level 2
L3 programming layer <2025-01-18>
 ***********
Package rerunfilecheck Info: File `TAES_template.out' has not changed.
(rerunfilecheck)             Checksum: 2287E5DD0EDFD183E4FCA498A65B1A21;6303.
 ) 
Here is how much of TeX's memory you used:
 9953 strings out of 473190
 156189 string characters out of 5719978
 575007 words of memory out of 5000000
 33009 multiletter control sequences out of 15000+600000
 602739 words of font info for 106 fonts, out of 8000000 for 9000
 1141 hyphenation exceptions out of 8191
 90i,13n,93p,1609b,552s stack positions out of 10000i,1000n,20000p,200000b,200000s
<d:/texlive/2025/texmf-dist/fonts/type1/public/amsfonts/cm/cmmi10.pfb><d:/texlive/2025/texmf-dist/fonts/type1/public/amsfonts/cm/cmmi7.pfb><d:/texlive/2025/texmf-dist/fonts/type1/public/amsfonts/cm/cmr10.pfb><d:/texlive/2025/texmf-dist/fonts/type1/public/amsfonts/cm/cmr7.pfb><d:/texlive/2025/texmf-dist/fonts/type1/public/amsfonts/cm/cmsy10.pfb><d:/texlive/2025/texmf-dist/fonts/type1/public/amsfonts/cm/cmsy7.pfb><d:/texlive/2025/texmf-dist/fonts/type1/urw/courier/ucrr8a.pfb><d:/texlive/2025/texmf-dist/fonts/type1/urw/helvetic/uhvr8a.pfb><d:/texlive/2025/texmf-dist/fonts/type1/urw/times/utmb8a.pfb><d:/texlive/2025/texmf-dist/fonts/type1/urw/times/utmbi8a.pfb><d:/texlive/2025/texmf-dist/fonts/type1/urw/times/utmr8a.pfb><d:/texlive/2025/texmf-dist/fonts/type1/urw/times/utmri8a.pfb>
Output written on TAES_template.pdf (7 pages, 200769 bytes).
PDF statistics:
 409 PDF objects out of 1000 (max. 8388607)
 370 compressed objects within 4 object streams
 75 named destinations out of 1000 (max. 500000)
 427 words of extra memory for PDF output out of 10000 (max. 10000000)

