\BOOKMARK [1][-]{section.1}{\376\377\000I\000N\000T\000R\000O\000D\000U\000C\000T\000I\000O\000N}{}% 1
\BOOKMARK [1][-]{section.2}{\376\377\000G\000U\000I\000D\000E\000L\000I\000N\000E\000S\000\040\000F\000O\000R\000\040\000M\000A\000N\000U\000S\000C\000R\000I\000P\000T\000\040\000P\000R\000E\000P\000A\000R\000A\000T\000I\000O\000N}{}% 2
\BOOKMARK [2][-]{subsection.2.1}{\376\377\000A\000b\000b\000r\000e\000v\000i\000a\000t\000i\000o\000n\000s\000\040\000a\000n\000d\000\040\000A\000c\000r\000o\000n\000y\000m\000s}{section.2}% 3
\BOOKMARK [1][-]{section.3}{\376\377\000M\000A\000T\000H}{}% 4
\BOOKMARK [2][-]{subsection.3.1}{\376\377\000E\000q\000u\000a\000t\000i\000o\000n\000s}{section.3}% 5
\BOOKMARK [1][-]{section.4}{\376\377\000G\000U\000I\000D\000E\000L\000I\000N\000E\000S\000\040\000F\000O\000R\000\040\000G\000R\000A\000P\000H\000I\000C\000S\000\040\000P\000R\000E\000P\000A\000R\000A\000T\000I\000O\000N\000\040\000A\000N\000D\000\040\000S\000U\000B\000M\000I\000S\000S\000I\000O\000N}{}% 6
\BOOKMARK [2][-]{subsection.4.1}{\376\377\000T\000y\000p\000e\000s\000\040\000o\000f\000\040\000G\000r\000a\000p\000h\000i\000c\000s}{section.4}% 7
\BOOKMARK [2][-]{subsection.4.2}{\376\377\000M\000u\000l\000t\000i\000p\000a\000r\000t\000\040\000F\000i\000g\000u\000r\000e\000s}{section.4}% 8
\BOOKMARK [2][-]{subsection.4.3}{\376\377\000F\000i\000l\000e\000\040\000F\000o\000r\000m\000a\000t\000s\000\040\000f\000o\000r\000\040\000G\000r\000a\000p\000h\000i\000c\000s}{section.4}% 9
\BOOKMARK [2][-]{subsection.4.4}{\376\377\000S\000i\000z\000i\000n\000g\000\040\000o\000f\000\040\000G\000r\000a\000p\000h\000i\000c\000s}{section.4}% 10
\BOOKMARK [2][-]{subsection.4.5}{\376\377\000R\000e\000s\000o\000l\000u\000t\000i\000o\000n}{section.4}% 11
\BOOKMARK [2][-]{subsection.4.6}{\376\377\000V\000e\000c\000t\000o\000r\000\040\000A\000r\000t}{section.4}% 12
\BOOKMARK [2][-]{subsection.4.7}{\376\377\000C\000o\000l\000o\000r\000\040\000S\000p\000a\000c\000e}{section.4}% 13
\BOOKMARK [2][-]{subsection.4.8}{\376\377\000A\000c\000c\000e\000p\000t\000e\000d\000\040\000F\000o\000n\000t\000s\000\040\000W\000i\000t\000h\000i\000n\000\040\000F\000i\000g\000u\000r\000e\000s}{section.4}% 14
\BOOKMARK [2][-]{subsection.4.9}{\376\377\000U\000s\000i\000n\000g\000\040\000L\000a\000b\000e\000l\000s\000\040\000W\000i\000t\000h\000i\000n\000\040\000F\000i\000g\000u\000r\000e\000s}{section.4}% 15
\BOOKMARK [2][-]{subsection.4.10}{\376\377\000R\000e\000f\000e\000r\000e\000n\000c\000i\000n\000g\000\040\000a\000\040\000F\000i\000g\000u\000r\000e\000\040\000o\000r\000\040\000T\000a\000b\000l\000e\000\040\000W\000i\000t\000h\000i\000n\000\040\000Y\000o\000u\000r\000\040\000A\000r\000t\000i\000c\000l\000e}{section.4}% 16
\BOOKMARK [2][-]{subsection.4.11}{\376\377\000S\000u\000b\000m\000i\000t\000t\000i\000n\000g\000\040\000Y\000o\000u\000r\000\040\000G\000r\000a\000p\000h\000i\000c\000s}{section.4}% 17
\BOOKMARK [2][-]{subsection.4.12}{\376\377\000C\000o\000l\000o\000r\000\040\000P\000r\000o\000c\000e\000s\000s\000i\000n\000g\000\040\000/\000\040\000P\000r\000i\000n\000t\000i\000n\000g\000\040\000i\000n\000\040\000I\000E\000E\000E\000\040\000T\000r\000a\000n\000s\000a\000c\000t\000i\000o\000n\000s\000,\000\040\000J\000o\000u\000r\000n\000a\000l\000s\000,\000\040\000a\000n\000d\000\040\000L\000e\000t\000t\000e\000r\000s}{section.4}% 18
\BOOKMARK [1][-]{section.5}{\376\377\000C\000O\000N\000C\000L\000U\000S\000I\000O\000N}{}% 19
\BOOKMARK [2][-]{subsection.5.1}{\376\377\000R\000e\000f\000e\000r\000e\000n\000c\000e\000s}{section.5}% 20
\BOOKMARK [2][-]{subsection.5.2}{\376\377\000R\000e\000f\000e\000r\000e\000n\000c\000e\000s\000\040\000P\000r\000o\000d\000u\000c\000e\000d\000\040\000U\000s\000i\000n\000g\000\040\000B\000i\000b\000T\000e\000X}{section.5}% 21
\BOOKMARK [2][-]{subsection.5.3}{\376\377\000F\000o\000o\000t\000n\000o\000t\000e\000s}{section.5}% 22
\BOOKMARK [1][-]{section.6}{\376\377\000S\000U\000B\000M\000I\000T\000T\000I\000N\000G\000\040\000Y\000O\000U\000R\000\040\000A\000R\000T\000I\000C\000L\000E\000\040\000F\000O\000R\000\040\000R\000E\000V\000I\000E\000W}{}% 23
\BOOKMARK [2][-]{subsection.6.1}{\376\377\000R\000e\000v\000i\000e\000w\000\040\000S\000t\000a\000g\000e\000\040\000U\000s\000i\000n\000g\000\040\000S\000c\000h\000o\000l\000a\000r\000O\000n\000e\000\040\000M\000a\000n\000u\000s\000c\000r\000i\000p\000t\000s}{section.6}% 24
\BOOKMARK [2][-]{subsection.6.2}{\376\377\000F\000i\000n\000a\000l\000\040\000S\000t\000a\000g\000e\000\040\000U\000s\000i\000n\000g\000\040\000S\000c\000h\000o\000l\000a\000r\000O\000n\000e\000\040\000M\000a\000n\000u\000s\000c\000r\000i\000p\000t\000s}{section.6}% 25
\BOOKMARK [2][-]{subsection.6.3}{\376\377\000C\000o\000p\000y\000r\000i\000g\000h\000t\000\040\000F\000o\000r\000m}{section.6}% 26
\BOOKMARK [1][-]{section.7}{\376\377\000I\000E\000E\000E\000\040\000G\000U\000I\000D\000E\000L\000I\000N\000E\000S\000\040\000A\000N\000D\000\040\000P\000O\000L\000I\000C\000I\000E\000S}{}% 27
\BOOKMARK [1][-]{section.7}{}{}% 28
\BOOKMARK [1][-]{section.7}{}{}% 29
\BOOKMARK [1][-]{section.7}{}{}% 30
\BOOKMARK [1][-]{section.7}{}{}% 31
\BOOKMARK [1][-]{section.7}{}{}% 32
\BOOKMARK [1][-]{section.7}{}{}% 33
\BOOKMARK [1][-]{section.7}{}{}% 34
\BOOKMARK [1][-]{section.7}{}{}% 35
\BOOKMARK [1][-]{section.7}{}{}% 36
\BOOKMARK [1][-]{section.7}{}{}% 37
\BOOKMARK [1][-]{section.7}{}{}% 38
\BOOKMARK [1][-]{section.7}{}{}% 39
\BOOKMARK [1][-]{section.7}{}{}% 40
\BOOKMARK [1][-]{section.7}{}{}% 41
\BOOKMARK [1][-]{section.7}{}{}% 42
\BOOKMARK [1][-]{section.7}{}{}% 43
\BOOKMARK [1][-]{section.7}{}{}% 44
\BOOKMARK [1][-]{section.7}{}{}% 45
\BOOKMARK [1][-]{section.7}{}{}% 46
\BOOKMARK [1][-]{section.7}{}{}% 47
\BOOKMARK [1][-]{section.7}{}{}% 48
\BOOKMARK [1][-]{IEEEbiography.0}{\376\377\000B\000i\000o\000g\000r\000a\000p\000h\000i\000e\000s}{}% 49
\BOOKMARK [2][-]{IEEEbiography.1}{\376\377\000F\000i\000r\000s\000t\000\040\000A\000.\000\040\000A\000u\000t\000h\000o\000r}{IEEEbiography.0}% 50
\BOOKMARK [2][-]{IEEEbiography.2}{\376\377\000S\000e\000c\000o\000n\000d\000\040\000B\000.\000\040\000A\000u\000t\000h\000o\000r}{IEEEbiography.0}% 51
\BOOKMARK [2][-]{IEEEbiography.3}{\376\377\000T\000h\000i\000r\000d\000\040\000C\000.\000\040\000A\000u\000t\000h\000o\000r\000,\000\040\000J\000r\000.}{IEEEbiography.0}% 52
